<?xml version="1.0" encoding="UTF-8"?>
<!-- Generated by org.testng.reporters.JUnitXMLReporter -->
<testsuite hostname="Veerendra-PC" name="Default test" tests="3" failures="0" timestamp="26 May 2019 05:57:52 GMT" time="175.131" errors="0">
  <testcase name="TC203_AddMembership" time="16.089" classname="com.tm.TestCases.TestCases_Myinfo"/>
  <testcase name="TC101_verifyLoginFunctionality" time="7.598" classname="com.tm.TestCases.TestCases_Leave"/>
  <testcase name="TC102_ApplyLeave" time="133.858" classname="com.tm.TestCases.TestCases_Leave"/>
</testsuite> <!-- Default test -->
