<?xml version="1.0" encoding="UTF-8"?>
<!-- Generated by org.testng.reporters.JUnitXMLReporter -->
<testsuite ignored="2" hostname="Sunitas-MacBook-Air.local" failures="0" tests="3" name="Test" time="53.797" errors="0" timestamp="06 Jan 2020 02:56:51 GMT">
  <testcase classname="com.tm.TestCases.TestCases_Leave" name="TC102_ApplyLeave" time="18.908"/>
  <testcase classname="com.tm.TestCases.TestCases_Leave" name="TC101_verifyLoginFunctionality" time="5.886"/>
  <testcase classname="com.tm.TestCases.TestCases_MyInfo" name="TC10_AddDependent" time="22.165"/>
  <testcase classname="com.tm.BaseClass.BaseClass" name="@AfterSuite toEnd" time="0.0">
    <ignored/>
  </testcase> <!-- @AfterSuite toEnd -->
  <testcase classname="com.tm.BaseClass.BaseClass" name="@BeforeSuite setupReport" time="0.0">
    <ignored/>
  </testcase> <!-- @BeforeSuite setupReport -->
</testsuite> <!-- Test -->
