<?xml version="1.0" encoding="UTF-8"?>
<testng-results ignored="2" total="5" passed="3" failed="0" skipped="0">
  <reporter-output>
  </reporter-output>
  <suite started-at="2020-01-06T02:55:57Z" name="Suite" finished-at="2020-01-06T02:56:51Z" duration-ms="53797">
    <groups>
    </groups>
    <test started-at="2020-01-06T02:55:57Z" name="Test" finished-at="2020-01-06T02:56:51Z" duration-ms="53797">
      <class name="com.tm.TestCases.TestCases_Leave">
        <test-method is-config="true" signature="setupReport()[pri:0, instance:com.tm.TestCases.TestCases_Leave@123f1134]" started-at="2020-01-06T02:55:57Z" name="setupReport" finished-at="2020-01-06T02:55:57Z" duration-ms="383" status="PASS">
          <reporter-output>
          </reporter-output>
        </test-method> <!-- setupReport -->
        <test-method is-config="true" signature="launchBrowser(java.lang.reflect.Method)[pri:0, instance:com.tm.TestCases.TestCases_Leave@123f1134]" started-at="2020-01-06T02:55:57Z" name="launchBrowser" finished-at="2020-01-06T02:56:01Z" duration-ms="3534" status="PASS">
          <params>
            <param index="0">
              <value>
                <![CDATA[public void com.tm.TestCases.TestCases_Leave.TC102_ApplyLeave()]]>
              </value>
            </param>
          </params>
          <reporter-output>
          </reporter-output>
        </test-method> <!-- launchBrowser -->
        <test-method signature="TC102_ApplyLeave()[pri:0, instance:com.tm.TestCases.TestCases_Leave@123f1134]" started-at="2020-01-06T02:56:01Z" name="TC102_ApplyLeave" finished-at="2020-01-06T02:56:20Z" duration-ms="18908" status="PASS">
          <reporter-output>
          </reporter-output>
        </test-method> <!-- TC102_ApplyLeave -->
        <test-method is-config="true" signature="closeBrowser()[pri:0, instance:com.tm.TestCases.TestCases_Leave@123f1134]" started-at="2020-01-06T02:56:20Z" name="closeBrowser" finished-at="2020-01-06T02:56:20Z" duration-ms="106" status="PASS">
          <reporter-output>
          </reporter-output>
        </test-method> <!-- closeBrowser -->
        <test-method is-config="true" signature="launchBrowser(java.lang.reflect.Method)[pri:0, instance:com.tm.TestCases.TestCases_Leave@123f1134]" started-at="2020-01-06T02:56:20Z" name="launchBrowser" finished-at="2020-01-06T02:56:21Z" duration-ms="1460" status="PASS">
          <params>
            <param index="0">
              <value>
                <![CDATA[public void com.tm.TestCases.TestCases_Leave.TC101_verifyLoginFunctionality()]]>
              </value>
            </param>
          </params>
          <reporter-output>
          </reporter-output>
        </test-method> <!-- launchBrowser -->
        <test-method signature="TC101_verifyLoginFunctionality()[pri:0, instance:com.tm.TestCases.TestCases_Leave@123f1134]" started-at="2020-01-06T02:56:21Z" name="TC101_verifyLoginFunctionality" finished-at="2020-01-06T02:56:27Z" duration-ms="5886" status="PASS">
          <reporter-output>
          </reporter-output>
        </test-method> <!-- TC101_verifyLoginFunctionality -->
        <test-method is-config="true" signature="closeBrowser()[pri:0, instance:com.tm.TestCases.TestCases_Leave@123f1134]" started-at="2020-01-06T02:56:27Z" name="closeBrowser" finished-at="2020-01-06T02:56:27Z" duration-ms="95" status="PASS">
          <reporter-output>
          </reporter-output>
        </test-method> <!-- closeBrowser -->
        <test-method is-config="true" signature="toEnd()[pri:0, instance:com.tm.TestCases.TestCases_Leave@123f1134]" started-at="2020-01-06T02:56:51Z" name="toEnd" finished-at="2020-01-06T02:56:57Z" duration-ms="5539" status="PASS">
          <reporter-output>
          </reporter-output>
        </test-method> <!-- toEnd -->
      </class> <!-- com.tm.TestCases.TestCases_Leave -->
      <class name="com.tm.TestCases.TestCases_MyInfo">
        <test-method is-config="true" signature="launchBrowser(java.lang.reflect.Method)[pri:0, instance:com.tm.TestCases.TestCases_MyInfo@7d68ef40]" started-at="2020-01-06T02:56:27Z" name="launchBrowser" finished-at="2020-01-06T02:56:29Z" duration-ms="1500" status="PASS">
          <params>
            <param index="0">
              <value>
                <![CDATA[public void com.tm.TestCases.TestCases_MyInfo.TC10_AddDependent()]]>
              </value>
            </param>
          </params>
          <reporter-output>
          </reporter-output>
        </test-method> <!-- launchBrowser -->
        <test-method signature="TC10_AddDependent()[pri:0, instance:com.tm.TestCases.TestCases_MyInfo@7d68ef40]" started-at="2020-01-06T02:56:29Z" name="TC10_AddDependent" finished-at="2020-01-06T02:56:51Z" duration-ms="22165" status="PASS">
          <reporter-output>
          </reporter-output>
        </test-method> <!-- TC10_AddDependent -->
        <test-method is-config="true" signature="closeBrowser()[pri:0, instance:com.tm.TestCases.TestCases_MyInfo@7d68ef40]" started-at="2020-01-06T02:56:51Z" name="closeBrowser" finished-at="2020-01-06T02:56:51Z" duration-ms="105" status="PASS">
          <reporter-output>
          </reporter-output>
        </test-method> <!-- closeBrowser -->
      </class> <!-- com.tm.TestCases.TestCases_MyInfo -->
    </test> <!-- Test -->
  </suite> <!-- Suite -->
</testng-results>
